<?xml version="1.0" encoding="UTF-8"?>
<!-- Generated by org.testng.reporters.JUnitXMLReporter -->
<testsuite hostname="M5-L-1Y9W5M2" ignored="0" name="Test" tests="4" failures="0" timestamp="2020-06-23T22:25:09 IST" time="0.083" errors="0">
  <testcase name="mobileauto" time="0.009" classname="savioshaji.AppiumTest"/>
  <testcase name="nativeapps" time="0.0" classname="savioshaji.AppiumTest"/>
  <testcase name="browserAuto" time="0.001" classname="savioshaji.SeleniumTest"/>
  <testcase name="seleniumTest" time="0.001" classname="savioshaji.SeleniumTest"/>
</testsuite> <!-- Test -->
