<?xml version="1.0" encoding="UTF-8"?>
<testsuite xmlns:xsi="http://www.w3.org/2001/XMLSchema-instance" xsi:noNamespaceSchemaLocation="https://maven.apache.org/surefire/maven-surefire-plugin/xsd/surefire-test-report.xsd" name="TestSuite" time="1.413" tests="4" errors="0" skipped="0" failures="0">
  <properties>
[...]
</properties>
  <testcase name="mobileauto" classname="savioshaji.AppiumTest" time="0.013"/>
  <testcase name="nativeapps" classname="savioshaji.AppiumTest" time="0"/>
  <testcase name="browserAuto" classname="savioshaji.SeleniumTest" time="0.001"/>
  <testcase name="seleniumTest" classname="savioshaji.SeleniumTest" time="0.002"/>
</testsuite>