<?xml version="1.0" encoding="UTF-8"?>
<testng-results skipped="0" failed="0" ignored="0" total="2" passed="2">
  <reporter-output>
  </reporter-output>
  <suite name="Default suite" duration-ms="74" started-at="2020-06-23T21:12:26 IST" finished-at="2020-06-23T21:12:26 IST">
    <groups>
    </groups>
    <test name="Default test" duration-ms="74" started-at="2020-06-23T21:12:26 IST" finished-at="2020-06-23T21:12:26 IST">
      <class name="savioshaji.ApiTesting">
        <test-method status="PASS" signature="jiraTest()[pri:0, instance:savioshaji.ApiTesting@27a8c74e]" name="jiraTest" duration-ms="11" started-at="2020-06-23T21:12:26 IST" finished-at="2020-06-23T21:12:26 IST">
          <reporter-output>
          </reporter-output>
        </test-method> <!-- jiraTest -->
        <test-method status="PASS" signature="restassured()[pri:0, instance:savioshaji.ApiTesting@27a8c74e]" name="restassured" duration-ms="2" started-at="2020-06-23T21:12:26 IST" finished-at="2020-06-23T21:12:26 IST">
          <reporter-output>
          </reporter-output>
        </test-method> <!-- restassured -->
      </class> <!-- savioshaji.ApiTesting -->
    </test> <!-- Default test -->
  </suite> <!-- Default suite -->
</testng-results>
